2024-05-03 10:56:34.826  INFO 20852 --- [main] com.rish.spring.ApplicationRunner        : Starting ApplicationRunner using Java 19 on DESKTOP-D769O82 with PID 20852 (C:\Users\Admin\IdeaProjects\Spring-start\build\classes\java\main started by Admin in C:\Users\Admin\IdeaProjects\Spring-start)
2024-05-03 10:56:34.839  INFO 20852 --- [main] com.rish.spring.ApplicationRunner        : The following 1 profile is active: "qa"
2024-05-03 10:56:36.254  INFO 20852 --- [main] .s.d.r.c.RepositoryConfigurationDelegate : Bootstrapping Spring Data JPA repositories in DEFAULT mode.
2024-05-03 10:56:36.421  INFO 20852 --- [main] .s.d.r.c.RepositoryConfigurationDelegate : Finished Spring Data repository scanning in 151 ms. Found 2 JPA repository interfaces.
2024-05-03 10:56:38.127  INFO 20852 --- [main] o.s.b.w.embedded.tomcat.TomcatWebServer  : Tomcat initialized with port(s): 8080 (http)
2024-05-03 10:56:38.128  INFO 20852 --- [main] o.a.catalina.core.AprLifecycleListener   : Loaded Apache Tomcat Native library [2.0.3] using APR version [1.7.2].
2024-05-03 10:56:38.129  INFO 20852 --- [main] o.a.catalina.core.AprLifecycleListener   : APR capabilities: IPv6 [true], sendfile [true], accept filters [false], random [true], UDS [true].
2024-05-03 10:56:38.129  INFO 20852 --- [main] o.a.catalina.core.AprLifecycleListener   : APR/OpenSSL configuration: useAprConnector [false], useOpenSSL [true]
2024-05-03 10:56:38.168  INFO 20852 --- [main] o.a.catalina.core.AprLifecycleListener   : OpenSSL successfully initialized [OpenSSL 3.0.8 7 Feb 2023]
2024-05-03 10:56:38.189  INFO 20852 --- [main] o.apache.catalina.core.StandardService   : Starting service [Tomcat]
2024-05-03 10:56:38.189  INFO 20852 --- [main] org.apache.catalina.core.StandardEngine  : Starting Servlet engine: [Apache Tomcat/9.0.83]
2024-05-03 10:56:38.706  INFO 20852 --- [main] org.apache.jasper.servlet.TldScanner     : At least one JAR was scanned for TLDs yet contained no TLDs. Enable debug logging for this logger for a complete list of JARs that were scanned but no TLDs were found in them. Skipping unneeded JARs during scanning can improve startup time and JSP compilation time.
2024-05-03 10:56:38.715  INFO 20852 --- [main] o.a.c.c.C.[Tomcat].[localhost].[/]       : Initializing Spring embedded WebApplicationContext
2024-05-03 10:56:38.715  INFO 20852 --- [main] w.s.c.ServletWebServerApplicationContext : Root WebApplicationContext: initialization completed in 3757 ms
2024-05-03 10:56:39.352  INFO 20852 --- [main] com.zaxxer.hikari.HikariDataSource       : HikariPool-1 - Starting...
2024-05-03 10:56:39.675  INFO 20852 --- [main] com.zaxxer.hikari.HikariDataSource       : HikariPool-1 - Start completed.
2024-05-03 10:56:39.958  INFO 20852 --- [main] liquibase.database                       : Set default schema name to public
2024-05-03 10:56:40.145  INFO 20852 --- [main] liquibase.lockservice                    : Successfully acquired change log lock
2024-05-03 10:56:40.289  INFO 20852 --- [main] liquibase.changelog                      : Creating database history table with name: public.databasechangelog
2024-05-03 10:56:40.300  INFO 20852 --- [main] liquibase.changelog                      : Reading from public.databasechangelog
2024-05-03 10:56:40.387  INFO 20852 --- [main] liquibase.changelog                      : Custom SQL executed
2024-05-03 10:56:40.388  INFO 20852 --- [main] liquibase.changelog                      : ChangeSet db/changelog/db.changelog-1.0.sql::1::litvinskaya ran successfully in 13ms
2024-05-03 10:56:40.429  INFO 20852 --- [main] liquibase.changelog                      : Custom SQL executed
2024-05-03 10:56:40.430  INFO 20852 --- [main] liquibase.changelog                      : ChangeSet db/changelog/db.changelog-1.0.sql::2::litvinskaya ran successfully in 5ms
2024-05-03 10:56:40.439  INFO 20852 --- [main] liquibase.changelog                      : Custom SQL executed
2024-05-03 10:56:40.440  INFO 20852 --- [main] liquibase.changelog                      : ChangeSet db/changelog/db.changelog-1.0.sql::3::litvinskaya ran successfully in 6ms
2024-05-03 10:56:40.448  INFO 20852 --- [main] liquibase.changelog                      : Custom SQL executed
2024-05-03 10:56:40.449  INFO 20852 --- [main] liquibase.changelog                      : ChangeSet db/changelog/db.changelog-1.0.sql::4::litvinskaya ran successfully in 3ms
2024-05-03 10:56:40.456  INFO 20852 --- [main] liquibase.changelog                      : Custom SQL executed
2024-05-03 10:56:40.457  INFO 20852 --- [main] liquibase.changelog                      : ChangeSet db/changelog/db.changelog-1.0.sql::5::litvinskaya ran successfully in 5ms
2024-05-03 10:56:40.465  INFO 20852 --- [main] liquibase.changelog                      : Custom SQL executed
2024-05-03 10:56:40.465  INFO 20852 --- [main] liquibase.changelog                      : ChangeSet db/changelog/db.changelog-1.0.sql::6::litvinskaya ran successfully in 4ms
2024-05-03 10:56:40.478  INFO 20852 --- [main] liquibase.changelog                      : Custom SQL executed
2024-05-03 10:56:40.479  INFO 20852 --- [main] liquibase.changelog                      : ChangeSet db/changelog/db.changelog-2.0.sql::1::litvinskaya ran successfully in 10ms
2024-05-03 10:56:40.486  INFO 20852 --- [main] liquibase.changelog                      : Custom SQL executed
2024-05-03 10:56:40.487  INFO 20852 --- [main] liquibase.changelog                      : ChangeSet db/changelog/db.changelog-2.1.sql::1::litvinskaya ran successfully in 3ms
2024-05-03 10:56:40.496  INFO 20852 --- [main] liquibase.changelog                      : Custom SQL executed
2024-05-03 10:56:40.499  INFO 20852 --- [main] liquibase.changelog                      : ChangeSet db/changelog/db.changelog-2.1.sql::2::litvinskaya ran successfully in 6ms
2024-05-03 10:56:40.509  INFO 20852 --- [main] liquibase.changelog                      : Custom SQL executed
2024-05-03 10:56:40.514  INFO 20852 --- [main] liquibase.changelog                      : ChangeSet db/changelog/db.changelog-2.2.sql::1::litvinskaya ran successfully in 10ms
2024-05-03 10:56:40.525  INFO 20852 --- [main] liquibase.changelog                      : Custom SQL executed
2024-05-03 10:56:40.530  INFO 20852 --- [main] liquibase.changelog                      : ChangeSet db/changelog/db.changelog-2.2.sql::2::litvinskaya ran successfully in 8ms
2024-05-03 10:56:40.541  INFO 20852 --- [main] liquibase.changelog                      : Custom SQL executed
2024-05-03 10:56:40.543  INFO 20852 --- [main] liquibase.changelog                      : ChangeSet db/changelog/db.changelog-3.0.sql::1::litvinskaya ran successfully in 6ms
2024-05-03 10:56:40.553  INFO 20852 --- [main] liquibase.changelog                      : Custom SQL executed
2024-05-03 10:56:40.555  INFO 20852 --- [main] liquibase.changelog                      : ChangeSet db/changelog/db.changelog-3.0.sql::2::litvinskaya ran successfully in 4ms
2024-05-03 10:56:40.566  INFO 20852 --- [main] liquibase.changelog                      : Custom SQL executed
2024-05-03 10:56:40.568  INFO 20852 --- [main] liquibase.changelog                      : ChangeSet db/changelog/db.changelog-4.0.sql::1::litvinskaya ran successfully in 8ms
2024-05-03 10:56:40.581  INFO 20852 --- [main] liquibase.changelog                      : Custom SQL executed
2024-05-03 10:56:40.583  INFO 20852 --- [main] liquibase.changelog                      : ChangeSet db/changelog/db.changelog-4.0.sql::2::litvinskaya ran successfully in 8ms
2024-05-03 10:56:40.590  INFO 20852 --- [main] liquibase.lockservice                    : Successfully released change log lock
2024-05-03 10:56:40.848  INFO 20852 --- [main] o.hibernate.jpa.internal.util.LogHelper  : HHH000204: Processing PersistenceUnitInfo [name: default]
2024-05-03 10:56:41.014  INFO 20852 --- [main] org.hibernate.Version                    : HHH000412: Hibernate ORM core version 5.6.15.Final
2024-05-03 10:56:41.373  INFO 20852 --- [main] o.hibernate.annotations.common.Version   : HCANN000001: Hibernate Commons Annotations {5.1.2.Final}
2024-05-03 10:56:41.677  INFO 20852 --- [main] org.hibernate.dialect.Dialect            : HHH000400: Using dialect: org.hibernate.dialect.PostgreSQL10Dialect
2024-05-03 10:56:41.756  INFO 20852 --- [main] o.h.e.boot.internal.EnversServiceImpl    : Envers integration enabled? : true
2024-05-03 10:56:44.088  INFO 20852 --- [main] o.h.e.t.j.p.i.JtaPlatformInitiator       : HHH000490: Using JtaPlatform implementation: [org.hibernate.engine.transaction.jta.platform.internal.NoJtaPlatform]
2024-05-03 10:56:44.252  INFO 20852 --- [main] j.LocalContainerEntityManagerFactoryBean : Initialized JPA EntityManagerFactory for persistence unit 'default'
2024-05-03 10:56:44.262  INFO 20852 --- [main] com.rish.spring.config.JpaConfiguration  : Jpa configuration is enabled
2024-05-03 10:56:45.484  INFO 20852 --- [main] c.r.spring.database.pool.ConnectionPool  : Init connection pool
2024-05-03 10:56:45.519  INFO 20852 --- [main] c.r.spring.database.pool.ConnectionPool  : Init connection pool
2024-05-03 10:56:45.520  INFO 20852 --- [main] c.r.spring.database.pool.ConnectionPool  : Init connection pool
2024-05-03 10:56:45.835  INFO 20852 --- [main] o.s.s.web.DefaultSecurityFilterChain     : Will secure any request with [org.springframework.security.web.session.DisableEncodeUrlFilter@79f14c56, org.springframework.security.web.context.request.async.WebAsyncManagerIntegrationFilter@19f007c4, org.springframework.security.web.context.SecurityContextPersistenceFilter@4e8036bb, org.springframework.security.web.header.HeaderWriterFilter@6cf71064, org.springframework.security.web.csrf.CsrfFilter@37c5a3c7, org.springframework.security.web.authentication.logout.LogoutFilter@99a89e9, org.springframework.security.oauth2.client.web.OAuth2AuthorizationRequestRedirectFilter@4016d5fe, org.springframework.security.oauth2.client.web.OAuth2LoginAuthenticationFilter@6f8fa77a, org.springframework.security.web.authentication.UsernamePasswordAuthenticationFilter@53f67af6, org.springframework.security.web.savedrequest.RequestCacheAwareFilter@5113ab26, org.springframework.security.web.servletapi.SecurityContextHolderAwareRequestFilter@6afd0ef8, org.springframework.security.web.authentication.AnonymousAuthenticationFilter@73790bb5, org.springframework.security.web.session.SessionManagementFilter@2762bd70, org.springframework.security.web.access.ExceptionTranslationFilter@4c24063c, org.springframework.security.web.access.intercept.AuthorizationFilter@2d2c794d]
2024-05-03 10:56:47.633  INFO 20852 --- [main] o.s.b.w.embedded.tomcat.TomcatWebServer  : Tomcat started on port(s): 8080 (http) with context path ''
2024-05-03 10:56:47.660  INFO 20852 --- [main] com.rish.spring.ApplicationRunner        : Started ApplicationRunner in 13.828 seconds (JVM running for 15.553)
2024-05-03 11:17:33.214  INFO 20852 --- [SpringApplicationShutdownHook] c.r.spring.database.pool.ConnectionPool  : Clean connection pool
2024-05-03 11:17:33.215  INFO 20852 --- [SpringApplicationShutdownHook] c.r.spring.database.pool.ConnectionPool  : Clean connection pool
2024-05-03 11:17:33.215  INFO 20852 --- [SpringApplicationShutdownHook] c.r.spring.database.pool.ConnectionPool  : Clean connection pool
2024-05-03 11:17:33.216  INFO 20852 --- [SpringApplicationShutdownHook] j.LocalContainerEntityManagerFactoryBean : Closing JPA EntityManagerFactory for persistence unit 'default'
2024-05-03 11:17:33.219  INFO 20852 --- [SpringApplicationShutdownHook] com.zaxxer.hikari.HikariDataSource       : HikariPool-1 - Shutdown initiated...
2024-05-03 11:17:33.227  INFO 20852 --- [SpringApplicationShutdownHook] com.zaxxer.hikari.HikariDataSource       : HikariPool-1 - Shutdown completed.
